[2022-07-06 10:39:34] Текст ошибки: Возникла ошибмвыаака!!!! | Файл: C:\OpenServer\domains\frameworck\public\index.php | Строка: 11
=================
[2022-07-06 10:41:43] Текст ошибки: Undefined variable $zakup | Файл: C:\OpenServer\domains\frameworck\public\index.php | Строка: 11
=================
[2022-07-06 10:42:46] Текст ошибки: Undefined variable $zakup | Файл: C:\OpenServer\domains\frameworck\public\index.php | Строка: 11
=================
[2022-07-06 10:43:46] Текст ошибки: Возникла ошибмвыаака!!!! | Файл: C:\OpenServer\domains\frameworck\public\index.php | Строка: 11
=================
[2022-07-06 10:45:39] Текст ошибки: Возникла ошибмвыаака!!!! | Файл: C:\OpenServer\domains\frameworck\public\index.php | Строка: 11
=================
[2022-07-06 10:45:39] Текст ошибки: Возникла ошибмвыаака!!!! | Файл: C:\OpenServer\domains\frameworck\public\index.php | Строка: 11
=================
[2022-07-06 10:45:39] Текст ошибки: Возникла ошибмвыаака!!!! | Файл: C:\OpenServer\domains\frameworck\public\index.php | Строка: 11
=================
[2022-07-06 10:46:54] Текст ошибки: T | Файл: C:\OpenServer\domains\frameworck\public\index.php | Строка: 11
=================
[2022-07-06 10:46:54] Текст ошибки: T | Файл: C:\OpenServer\domains\frameworck\public\index.php | Строка: 11
=================
[2022-07-06 10:46:54] Текст ошибки: T | Файл: C:\OpenServer\domains\frameworck\public\index.php | Строка: 11
=================
[2022-07-06 10:47:24] Текст ошибки: T | Файл: C:\OpenServer\domains\frameworck\public\index.php | Строка: 11
=================
[2022-07-07 09:10:25] Текст ошибки: Too few arguments to function svdsu\Router::add(), 0 passed in C:\OpenServer\domains\frameworck\public\index.php on line 12 and at least 1 expected | Файл: C:\OpenServer\domains\frameworck\vendor\svdsu\Router.php | Строка: 12
=================
[2022-07-07 09:10:25] Текст ошибки: Too few arguments to function svdsu\Router::add(), 0 passed in C:\OpenServer\domains\frameworck\public\index.php on line 12 and at least 1 expected | Файл: C:\OpenServer\domains\frameworck\vendor\svdsu\Router.php | Строка: 12
=================
[2022-07-07 09:10:31] Текст ошибки: Too few arguments to function svdsu\Router::add(), 0 passed in C:\OpenServer\domains\frameworck\public\index.php on line 12 and at least 1 expected | Файл: C:\OpenServer\domains\frameworck\vendor\svdsu\Router.php | Строка: 12
=================
[2022-07-07 11:40:49] Текст ошибки: Too few arguments to function svdsu\Router::machRoute(), 0 passed in C:\OpenServer\domains\frameworck\vendor\svdsu\Router.php on line 29 and exactly 1 expected | Файл: C:\OpenServer\domains\frameworck\vendor\svdsu\Router.php | Строка: 35
=================
[2022-07-07 12:28:16] Текст ошибки: preg_match(): Compilation failed: unrecognized character after (?P at offset 10 | Файл: C:\OpenServer\domains\frameworck\vendor\svdsu\Router.php | Строка: 38
=================
[2022-07-07 12:29:48] Текст ошибки: preg_match(): Compilation failed: unrecognized character after (?P at offset 10 | Файл: C:\OpenServer\domains\frameworck\vendor\svdsu\Router.php | Строка: 38
=================
[2022-07-07 12:30:52] Текст ошибки: preg_match(): Compilation failed: unrecognized character after (?P at offset 4 | Файл: C:\OpenServer\domains\frameworck\vendor\svdsu\Router.php | Строка: 38
=================
[2022-07-07 12:31:16] Текст ошибки: preg_match(): Compilation failed: unrecognized character after (?P at offset 4 | Файл: C:\OpenServer\domains\frameworck\vendor\svdsu\Router.php | Строка: 38
=================
[2022-07-07 12:32:23] Текст ошибки: preg_match(): Compilation failed: unrecognized character after (?P at offset 4 | Файл: C:\OpenServer\domains\frameworck\vendor\svdsu\Router.php | Строка: 38
=================
[2022-07-07 12:32:23] Текст ошибки: preg_match(): Compilation failed: unrecognized character after (?P at offset 4 | Файл: C:\OpenServer\domains\frameworck\vendor\svdsu\Router.php | Строка: 38
=================
[2022-07-07 12:32:23] Текст ошибки: preg_match(): Compilation failed: unrecognized character after (?P at offset 4 | Файл: C:\OpenServer\domains\frameworck\vendor\svdsu\Router.php | Строка: 38
=================
[2022-07-07 12:32:23] Текст ошибки: preg_match(): Compilation failed: unrecognized character after (?P at offset 4 | Файл: C:\OpenServer\domains\frameworck\vendor\svdsu\Router.php | Строка: 38
=================
[2022-07-08 05:11:38] Текст ошибки: Call to undefined function svdsu\debug() | Файл: C:\OpenServer\domains\frameworck\vendor\svdsu\Router.php | Строка: 39
=================
[2022-07-08 09:45:25] Текст ошибки: Страница не найдена | Файл: C:\OpenServer\domains\frameworck\vendor\svdsu\Router.php | Строка: 34
=================
[2022-07-08 09:45:25] Текст ошибки: Страница не найдена | Файл: C:\OpenServer\domains\frameworck\vendor\svdsu\Router.php | Строка: 34
=================
[2022-07-08 10:37:35] Текст ошибки: Call to undefined method svdsu\Router::matchRoute() | Файл: C:\OpenServer\domains\frameworck\vendor\svdsu\Router.php | Строка: 29
=================
[2022-07-08 11:31:32] Текст ошибки: Undefined constant "app\controllers\METOD" | Файл: C:\OpenServer\domains\frameworck\app\controllers\MainController.php | Строка: 11
=================
[2022-07-11 04:54:59] Текст ошибки: Страница не найдена | Файл: C:\OpenServer\domains\frameworck\vendor\svdsu\Router.php | Строка: 45
=================
